Terminals unused in grammar

    END
    KW_BREAK
    KW_CONST
    KW_CONTINUE
    KW_CRATE
    KW_ELSE
    KW_ENUM
    KW_EXTERN
    KW_FALSE
    KW_FN
    KW_FOR
    KW_IF
    KW_IMPL
    KW_IN
    KW_LET
    KW_LOOP
    KW_MATCH
    KW_MOD
    KW_MOVE
    KW_MUT
    KW_PUB
    KW_REF
    KW_RETURN
    KW_SELFVALUE
    KW_SELFTYPE
    KW_STATIC
    KW_STRUCT
    KW_SUPER
    KW_TRAIT
    KW_TRUE
    KW_TYPE
    KW_UNSAFE
    KW_USE
    KW_WHERE
    KW_WHILE
    KW_ASYNC
    KW_AWAIT
    KW_DYN
    KW_ABSTRACT
    KW_BECOME
    KW_BOX
    KW_DO
    KW_FINAL
    KW_MACRO
    KW_OVERRIDE
    KW_PRIV
    KW_TYPEOF
    KW_UNSIZED
    KW_VIRTUAL
    KW_YIELD
    KW_TRY
    PLUS
    MIN
    STAR
    SLASH
    PERCENT
    CARET
    NOT
    AND
    OR
    AND_AND
    OR_OR
    SHL
    SHR
    PLUS_EQ
    MINUS_EQ
    STAR_EQ
    SLASH_EQ
    PERCENT_EQ
    CARET_EQ
    AND_EQ
    OR_EQ
    SHL_EQ
    SHR_EQ
    EQ
    EQ_EQ
    NE
    GT
    LT
    GE
    LE
    AT
    UNDERSCORE
    DOT
    DOT_DOT
    DOT_DOT_DOT
    DOT_DOT_EQ
    COMMA
    SEMI
    COLON
    PATH_SEP
    R_ARROW
    FAT_ARROW
    L_ARROW
    POUND
    DOLLAR
    QUESTION
    TILDE
    L_PAREN
    R_PAREN
    L_BRACE
    R_BRACE
    L_BRACKET
    R_BRACKET
    IDENTIFIER
    INTEGER_LITERAL
    STRING_LITERAL
    PRINT


Grammar

    0 $accept: program $end

    1 program: KW_AS


Terminals, with rules where they appear

    $end (0) 0
    error (256)
    END (258)
    KW_AS (259) 1
    KW_BREAK (260)
    KW_CONST (261)
    KW_CONTINUE (262)
    KW_CRATE (263)
    KW_ELSE (264)
    KW_ENUM (265)
    KW_EXTERN (266)
    KW_FALSE (267)
    KW_FN (268)
    KW_FOR (269)
    KW_IF (270)
    KW_IMPL (271)
    KW_IN (272)
    KW_LET (273)
    KW_LOOP (274)
    KW_MATCH (275)
    KW_MOD (276)
    KW_MOVE (277)
    KW_MUT (278)
    KW_PUB (279)
    KW_REF (280)
    KW_RETURN (281)
    KW_SELFVALUE (282)
    KW_SELFTYPE (283)
    KW_STATIC (284)
    KW_STRUCT (285)
    KW_SUPER (286)
    KW_TRAIT (287)
    KW_TRUE (288)
    KW_TYPE (289)
    KW_UNSAFE (290)
    KW_USE (291)
    KW_WHERE (292)
    KW_WHILE (293)
    KW_ASYNC (294)
    KW_AWAIT (295)
    KW_DYN (296)
    KW_ABSTRACT (297)
    KW_BECOME (298)
    KW_BOX (299)
    KW_DO (300)
    KW_FINAL (301)
    KW_MACRO (302)
    KW_OVERRIDE (303)
    KW_PRIV (304)
    KW_TYPEOF (305)
    KW_UNSIZED (306)
    KW_VIRTUAL (307)
    KW_YIELD (308)
    KW_TRY (309)
    PLUS (310)
    MIN (311)
    STAR (312)
    SLASH (313)
    PERCENT (314)
    CARET (315)
    NOT (316)
    AND (317)
    OR (318)
    AND_AND (319)
    OR_OR (320)
    SHL (321)
    SHR (322)
    PLUS_EQ (323)
    MINUS_EQ (324)
    STAR_EQ (325)
    SLASH_EQ (326)
    PERCENT_EQ (327)
    CARET_EQ (328)
    AND_EQ (329)
    OR_EQ (330)
    SHL_EQ (331)
    SHR_EQ (332)
    EQ (333)
    EQ_EQ (334)
    NE (335)
    GT (336)
    LT (337)
    GE (338)
    LE (339)
    AT (340)
    UNDERSCORE (341)
    DOT (342)
    DOT_DOT (343)
    DOT_DOT_DOT (344)
    DOT_DOT_EQ (345)
    COMMA (346)
    SEMI (347)
    COLON (348)
    PATH_SEP (349)
    R_ARROW (350)
    FAT_ARROW (351)
    L_ARROW (352)
    POUND (353)
    DOLLAR (354)
    QUESTION (355)
    TILDE (356)
    L_PAREN (357)
    R_PAREN (358)
    L_BRACE (359)
    R_BRACE (360)
    L_BRACKET (361)
    R_BRACKET (362)
    IDENTIFIER (363)
    INTEGER_LITERAL (364)
    STRING_LITERAL (365)
    PRINT (366)


Nonterminals, with rules where they appear

    $accept (112)
        on left: 0
    program (113)
        on left: 1
        on right: 0


State 0

    0 $accept: • program $end

    KW_AS  shift, and go to state 1

    program  go to state 2


State 1

    1 program: KW_AS •

    $default  reduce using rule 1 (program)


State 2

    0 $accept: program • $end

    $end  shift, and go to state 3


State 3

    0 $accept: program $end •

    $default  accept
